<?xml version="1.0" encoding="UTF-8"?>
<!-- Generated by org.testng.reporters.JUnitReportReporter -->
<testsuite hostname="DESKTOP-7EUDCAL" failures="0" tests="1" name="com.sauce.tests.AddToCartTest" time="4.064" errors="0" timestamp="2022-03-22T21:50:49 GMT-04:00" skipped="0">
  <testcase classname="com.sauce.tests.AddToCartTest" name="addTocarttest" time="4.064"/>
  <system-out/>
</testsuite> <!-- com.sauce.tests.AddToCartTest -->
