<?xml version="1.0" encoding="UTF-8"?>
<!-- Generated by org.testng.reporters.JUnitReportReporter -->
<testsuite hostname="DESKTOP-7EUDCAL" failures="0" tests="1" name="AddToCartTest" time="4.858" errors="0" timestamp="2022-03-22T21:14:51 GMT-04:00" skipped="0">
  <testcase classname="AddToCartTest" name="addTocarttest" time="4.858"/>
  <system-out/>
</testsuite> <!-- AddToCartTest -->
