<?xml version="1.0" encoding="UTF-8"?>
<!-- Generated by org.testng.reporters.JUnitReportReporter -->
<testsuite hostname="DESKTOP-7EUDCAL" failures="0" tests="1" name="LoginTest" time="7.104" errors="0" timestamp="2022-03-22T21:11:26 GMT-04:00" skipped="0">
  <testcase classname="LoginTest" name="logintest" time="7.104"/>
  <system-out/>
</testsuite> <!-- LoginTest -->
