<?xml version="1.0" encoding="UTF-8"?>
<!-- Generated by org.testng.reporters.JUnitReportReporter -->
<testsuite hostname="DESKTOP-7EUDCAL" failures="0" tests="1" name="LoginTest" time="3.366" errors="0" timestamp="2022-03-21T21:49:43 GMT-04:00" skipped="0">
  <testcase classname="LoginTest" name="login" time="3.366"/>
  <system-out/>
</testsuite> <!-- LoginTest -->
