<?xml version="1.0" encoding="UTF-8"?>
<!-- Generated by org.testng.reporters.JUnitReportReporter -->
<testsuite hostname="DESKTOP-7EUDCAL" failures="0" tests="3" name="TesngAnnotations" time="0.012" errors="0" timestamp="2022-03-21T21:56:54 GMT-04:00" skipped="0">
  <testcase classname="TesngAnnotations" name="method1" time="0.006"/>
  <system-out/>
  <testcase classname="TesngAnnotations" name="method3" time="0.002"/>
  <system-out/>
  <testcase classname="TesngAnnotations" name="method2" time="0.004"/>
  <system-out/>
</testsuite> <!-- TesngAnnotations -->
