<?xml version="1.0" encoding="UTF-8"?>
<!-- Generated by org.testng.reporters.JUnitReportReporter -->
<testsuite hostname="DESKTOP-7EUDCAL" failures="0" tests="2" name="TestCase" time="0.010" errors="0" timestamp="2022-03-21T21:46:14 GMT-04:00" skipped="0">
  <testcase classname="TestCase" name="test1" time="0.009"/>
  <system-out/>
  <testcase classname="TestCase" name="test2" time="0.001"/>
  <system-out/>
</testsuite> <!-- TestCase -->
